d:\onedrive\projects\softwarerenderer\softwarerenderer\release\vc142.pdb
d:\onedrive\projects\softwarerenderer\softwarerenderer\release\main.obj
d:\onedrive\projects\softwarerenderer\softwarerenderer\release\renderer.obj
d:\onedrive\projects\softwarerenderer\softwarerenderer\release\functions.obj
d:\onedrive\projects\softwarerenderer\softwarerenderer\release\window.obj
d:\onedrive\projects\softwarerenderer\softwarerenderer\release\texture.obj
d:\onedrive\projects\softwarerenderer\softwarerenderer\release\model.obj
d:\onedrive\projects\softwarerenderer\softwarerenderer\release\mesh.obj
d:\onedrive\projects\softwarerenderer\softwarerenderer\release\light.obj
d:\onedrive\projects\softwarerenderer\softwarerenderer\release\fps.obj
d:\onedrive\projects\softwarerenderer\softwarerenderer\release\camera.obj
d:\onedrive\projects\softwarerenderer\softwarerenderer\release\main2.obj
d:\onedrive\projects\softwarerenderer\softwarerenderer\release\main_ray_tracing.obj
d:\onedrive\projects\softwarerenderer\softwarerenderer\release\vc143.pdb
d:\onedrive\projects\softwarerenderer\softwarerenderer\release\softwarerenderer.ipdb
d:\onedrive\projects\softwarerenderer\softwarerenderer\release\softwarerenderer.iobj
d:\onedrive\projects\softwarerenderer\release\softwarerenderer.pdb
d:\onedrive\projects\softwarerenderer\softwarerenderer\release\softwarerenderer.tlog\cl.command.1.tlog
d:\onedrive\projects\softwarerenderer\softwarerenderer\release\softwarerenderer.tlog\cl.read.1.tlog
d:\onedrive\projects\softwarerenderer\softwarerenderer\release\softwarerenderer.tlog\cl.write.1.tlog
d:\onedrive\projects\softwarerenderer\softwarerenderer\release\softwarerenderer.tlog\link.command.1.tlog
d:\onedrive\projects\softwarerenderer\softwarerenderer\release\softwarerenderer.tlog\link.read.1.tlog
d:\onedrive\projects\softwarerenderer\softwarerenderer\release\softwarerenderer.tlog\link.write.1.tlog
